This is pdfTeX, Version 3.141592653-2.6-1.40.25 (TeX Live 2023/Debian) (preloaded format=pdflatex 2024.7.25)  26 SEP 2024 10:48
entering extended mode
 restricted \write18 enabled.
 %&-line parsing enabled.
**Paper/MSEPM-Manuscript.tex
(./Paper/MSEPM-Manuscript.tex
LaTeX2e <2023-11-01> patch level 1
L3 programming layer <2024-01-22>
(/usr/share/texlive/texmf-dist/tex/latex/base/article.cls
Document Class: article 2023/05/17 v1.4n Standard LaTeX document class
(/usr/share/texlive/texmf-dist/tex/latex/base/size10.clo
File: size10.clo 2023/05/17 v1.4n Standard LaTeX file (size option)
)
\c@part=\count187
\c@section=\count188
\c@subsection=\count189
\c@subsubsection=\count190
\c@paragraph=\count191
\c@subparagraph=\count192
\c@figure=\count193
\c@table=\count194
\abovecaptionskip=\skip48
\belowcaptionskip=\skip49
\bibindent=\dimen140
)
(/usr/share/texlive/texmf-dist/tex/latex/base/latexsym.sty
Package: latexsym 1998/08/17 v2.2e Standard LaTeX package (lasy symbols)
\symlasy=\mathgroup4
LaTeX Font Info:    Overwriting symbol font `lasy' in version `bold'
(Font)                  U/lasy/m/n --> U/lasy/b/n on input line 52.
)
(/usr/share/texlive/texmf-dist/tex/latex/amsmath/amsmath.sty
Package: amsmath 2023/05/13 v2.17o AMS math features
\@mathmargin=\skip50

For additional information on amsmath, use the `?' option.
(/usr/share/texlive/texmf-dist/tex/latex/amsmath/amstext.sty
Package: amstext 2021/08/26 v2.01 AMS text

(/usr/share/texlive/texmf-dist/tex/latex/amsmath/amsgen.sty
File: amsgen.sty 1999/11/30 v2.0 generic functions
\@emptytoks=\toks17
\ex@=\dimen141
))
(/usr/share/texlive/texmf-dist/tex/latex/amsmath/amsbsy.sty
Package: amsbsy 1999/11/29 v1.2d Bold Symbols
\pmbraise@=\dimen142
)
(/usr/share/texlive/texmf-dist/tex/latex/amsmath/amsopn.sty
Package: amsopn 2022/04/08 v2.04 operator names
)
\inf@bad=\count195
LaTeX Info: Redefining \frac on input line 234.
\uproot@=\count196
\leftroot@=\count197
LaTeX Info: Redefining \overline on input line 399.
LaTeX Info: Redefining \colon on input line 410.
\classnum@=\count198
\DOTSCASE@=\count199
LaTeX Info: Redefining \ldots on input line 496.
LaTeX Info: Redefining \dots on input line 499.
LaTeX Info: Redefining \cdots on input line 620.
\Mathstrutbox@=\box51
\strutbox@=\box52
LaTeX Info: Redefining \big on input line 722.
LaTeX Info: Redefining \Big on input line 723.
LaTeX Info: Redefining \bigg on input line 724.
LaTeX Info: Redefining \Bigg on input line 725.
\big@size=\dimen143
LaTeX Font Info:    Redeclaring font encoding OML on input line 743.
LaTeX Font Info:    Redeclaring font encoding OMS on input line 744.
\macc@depth=\count266
LaTeX Info: Redefining \bmod on input line 905.
LaTeX Info: Redefining \pmod on input line 910.
LaTeX Info: Redefining \smash on input line 940.
LaTeX Info: Redefining \relbar on input line 970.
LaTeX Info: Redefining \Relbar on input line 971.
\c@MaxMatrixCols=\count267
\dotsspace@=\muskip16
\c@parentequation=\count268
\dspbrk@lvl=\count269
\tag@help=\toks18
\row@=\count270
\column@=\count271
\maxfields@=\count272
\andhelp@=\toks19
\eqnshift@=\dimen144
\alignsep@=\dimen145
\tagshift@=\dimen146
\tagwidth@=\dimen147
\totwidth@=\dimen148
\lineht@=\dimen149
\@envbody=\toks20
\multlinegap=\skip51
\multlinetaggap=\skip52
\mathdisplay@stack=\toks21
LaTeX Info: Redefining \[ on input line 2953.
LaTeX Info: Redefining \] on input line 2954.
)
(/usr/share/texlive/texmf-dist/tex/latex/amsfonts/amssymb.sty
Package: amssymb 2013/01/14 v3.01 AMS font symbols

(/usr/share/texlive/texmf-dist/tex/latex/amsfonts/amsfonts.sty
Package: amsfonts 2013/01/14 v3.01 Basic AMSFonts support
\symAMSa=\mathgroup5
\symAMSb=\mathgroup6
LaTeX Font Info:    Redeclaring math symbol \hbar on input line 98.
LaTeX Font Info:    Overwriting math alphabet `\mathfrak' in version `bold'
(Font)                  U/euf/m/n --> U/euf/b/n on input line 106.
))
(/usr/share/texlive/texmf-dist/tex/latex/graphics/epsfig.sty
Package: epsfig 2017/06/25 v1.7b (e)psfig emulation (SPQR)

(/usr/share/texlive/texmf-dist/tex/latex/graphics/graphicx.sty
Package: graphicx 2021/09/16 v1.2d Enhanced LaTeX Graphics (DPC,SPQR)

(/usr/share/texlive/texmf-dist/tex/latex/graphics/keyval.sty
Package: keyval 2022/05/29 v1.15 key=value parser (DPC)
\KV@toks@=\toks22
)
(/usr/share/texlive/texmf-dist/tex/latex/graphics/graphics.sty
Package: graphics 2022/03/10 v1.4e Standard LaTeX Graphics (DPC,SPQR)

(/usr/share/texlive/texmf-dist/tex/latex/graphics/trig.sty
Package: trig 2021/08/11 v1.11 sin cos tan (DPC)
)
(/usr/share/texlive/texmf-dist/tex/latex/graphics-cfg/graphics.cfg
File: graphics.cfg 2016/06/04 v1.11 sample graphics configuration
)
Package graphics Info: Driver file: pdftex.def on input line 107.

(/usr/share/texlive/texmf-dist/tex/latex/graphics-def/pdftex.def
File: pdftex.def 2022/09/22 v1.2b Graphics/color driver for pdftex
))
\Gin@req@height=\dimen150
\Gin@req@width=\dimen151
)
\epsfxsize=\dimen152
\epsfysize=\dimen153
)
(/usr/share/texlive/texmf-dist/tex/latex/caption/caption.sty
Package: caption 2023/08/05 v3.6o Customizing captions (AR)

(/usr/share/texlive/texmf-dist/tex/latex/caption/caption3.sty
Package: caption3 2023/07/31 v2.4d caption3 kernel (AR)
\caption@tempdima=\dimen154
\captionmargin=\dimen155
\caption@leftmargin=\dimen156
\caption@rightmargin=\dimen157
\caption@width=\dimen158
\caption@indent=\dimen159
\caption@parindent=\dimen160
\caption@hangindent=\dimen161
Package caption Info: Standard document class detected.
)
\c@caption@flags=\count273
\c@continuedfloat=\count274
)
(/usr/share/texlive/texmf-dist/tex/generic/dvips/colordvi.sty)
(/usr/share/texlive/texmf-dist/tex/latex/tools/afterpage.sty
Package: afterpage 2023/07/04 v1.08 After-Page Package (DPC)
\AP@output=\toks23
\AP@partial=\box53
\AP@footins=\box54
)
(/usr/share/texlive/texmf-dist/tex/latex/graphics/color.sty
Package: color 2022/01/06 v1.3d Standard LaTeX Color (DPC)

(/usr/share/texlive/texmf-dist/tex/latex/graphics-cfg/color.cfg
File: color.cfg 2016/01/02 v1.6 sample color configuration
)
Package color Info: Driver file: pdftex.def on input line 149.

(/usr/share/texlive/texmf-dist/tex/latex/graphics/mathcolor.ltx))
(/usr/share/texlive/texmf-dist/tex/latex/hyperref/hyperref.sty
Package: hyperref 2024-01-20 v7.01h Hypertext links for LaTeX

(/usr/share/texlive/texmf-dist/tex/generic/iftex/iftex.sty
Package: iftex 2022/02/03 v1.0f TeX engine tests
)
(/usr/share/texlive/texmf-dist/tex/latex/kvsetkeys/kvsetkeys.sty
Package: kvsetkeys 2022-10-05 v1.19 Key value parser (HO)
)
(/usr/share/texlive/texmf-dist/tex/generic/kvdefinekeys/kvdefinekeys.sty
Package: kvdefinekeys 2019-12-19 v1.6 Define keys (HO)
)
(/usr/share/texlive/texmf-dist/tex/generic/pdfescape/pdfescape.sty
Package: pdfescape 2019/12/09 v1.15 Implements pdfTeX's escape features (HO)

(/usr/share/texlive/texmf-dist/tex/generic/ltxcmds/ltxcmds.sty
Package: ltxcmds 2023-12-04 v1.26 LaTeX kernel commands for general use (HO)
)
(/usr/share/texlive/texmf-dist/tex/generic/pdftexcmds/pdftexcmds.sty
Package: pdftexcmds 2020-06-27 v0.33 Utility functions of pdfTeX for LuaTeX (HO
)

(/usr/share/texlive/texmf-dist/tex/generic/infwarerr/infwarerr.sty
Package: infwarerr 2019/12/03 v1.5 Providing info/warning/error messages (HO)
)
Package pdftexcmds Info: \pdf@primitive is available.
Package pdftexcmds Info: \pdf@ifprimitive is available.
Package pdftexcmds Info: \pdfdraftmode found.
))
(/usr/share/texlive/texmf-dist/tex/latex/hycolor/hycolor.sty
Package: hycolor 2020-01-27 v1.10 Color options for hyperref/bookmark (HO)
)
(/usr/share/texlive/texmf-dist/tex/latex/auxhook/auxhook.sty
Package: auxhook 2019-12-17 v1.6 Hooks for auxiliary files (HO)
)
(/usr/share/texlive/texmf-dist/tex/latex/hyperref/nameref.sty
Package: nameref 2023-11-26 v2.56 Cross-referencing by name of section

(/usr/share/texlive/texmf-dist/tex/latex/refcount/refcount.sty
Package: refcount 2019/12/15 v3.6 Data extraction from label references (HO)
)
(/usr/share/texlive/texmf-dist/tex/generic/gettitlestring/gettitlestring.sty
Package: gettitlestring 2019/12/15 v1.6 Cleanup title references (HO)

(/usr/share/texlive/texmf-dist/tex/latex/kvoptions/kvoptions.sty
Package: kvoptions 2022-06-15 v3.15 Key value format for package options (HO)
))
\c@section@level=\count275
)
(/usr/share/texlive/texmf-dist/tex/latex/etoolbox/etoolbox.sty
Package: etoolbox 2020/10/05 v2.5k e-TeX tools for LaTeX (JAW)
\etb@tempcnta=\count276
)
\@linkdim=\dimen162
\Hy@linkcounter=\count277
\Hy@pagecounter=\count278

(/usr/share/texlive/texmf-dist/tex/latex/hyperref/pd1enc.def
File: pd1enc.def 2024-01-20 v7.01h Hyperref: PDFDocEncoding definition (HO)
Now handling font encoding PD1 ...
... no UTF-8 mapping file for font encoding PD1
)
(/usr/share/texlive/texmf-dist/tex/generic/intcalc/intcalc.sty
Package: intcalc 2019/12/15 v1.3 Expandable calculations with integers (HO)
)
\Hy@SavedSpaceFactor=\count279

(/usr/share/texlive/texmf-dist/tex/latex/hyperref/puenc.def
File: puenc.def 2024-01-20 v7.01h Hyperref: PDF Unicode definition (HO)
Now handling font encoding PU ...
... no UTF-8 mapping file for font encoding PU
)
Package hyperref Info: Hyper figures OFF on input line 4179.
Package hyperref Info: Link nesting OFF on input line 4184.
Package hyperref Info: Hyper index ON on input line 4187.
Package hyperref Info: Plain pages OFF on input line 4194.
Package hyperref Info: Backreferencing OFF on input line 4199.
Package hyperref Info: Implicit mode ON; LaTeX internals redefined.
Package hyperref Info: Bookmarks ON on input line 4446.
\c@Hy@tempcnt=\count280

(/usr/share/texlive/texmf-dist/tex/latex/url/url.sty
\Urlmuskip=\muskip17
Package: url 2013/09/16  ver 3.4  Verb mode for urls, etc.
)
LaTeX Info: Redefining \url on input line 4784.
\XeTeXLinkMargin=\dimen163

(/usr/share/texlive/texmf-dist/tex/generic/bitset/bitset.sty
Package: bitset 2019/12/09 v1.3 Handle bit-vector datatype (HO)

(/usr/share/texlive/texmf-dist/tex/generic/bigintcalc/bigintcalc.sty
Package: bigintcalc 2019/12/15 v1.5 Expandable calculations on big integers (HO
)
))
\Fld@menulength=\count281
\Field@Width=\dimen164
\Fld@charsize=\dimen165
Package hyperref Info: Hyper figures OFF on input line 6063.
Package hyperref Info: Link nesting OFF on input line 6068.
Package hyperref Info: Hyper index ON on input line 6071.
Package hyperref Info: backreferencing OFF on input line 6078.
Package hyperref Info: Link coloring OFF on input line 6083.
Package hyperref Info: Link coloring with OCG OFF on input line 6088.
Package hyperref Info: PDF/A mode OFF on input line 6093.

(/usr/share/texlive/texmf-dist/tex/latex/base/atbegshi-ltx.sty
Package: atbegshi-ltx 2021/01/10 v1.0c Emulation of the original atbegshi
package with kernel methods
)
\Hy@abspage=\count282
\c@Item=\count283
\c@Hfootnote=\count284
)
Package hyperref Info: Driver (autodetected): hpdftex.

(/usr/share/texlive/texmf-dist/tex/latex/hyperref/hpdftex.def
File: hpdftex.def 2024-01-20 v7.01h Hyperref driver for pdfTeX

(/usr/share/texlive/texmf-dist/tex/latex/base/atveryend-ltx.sty
Package: atveryend-ltx 2020/08/19 v1.0a Emulation of the original atveryend pac
kage
with kernel methods
)
\Fld@listcount=\count285
\c@bookmark@seq@number=\count286

(/usr/share/texlive/texmf-dist/tex/latex/rerunfilecheck/rerunfilecheck.sty
Package: rerunfilecheck 2022-07-10 v1.10 Rerun checks for auxiliary files (HO)

(/usr/share/texlive/texmf-dist/tex/generic/uniquecounter/uniquecounter.sty
Package: uniquecounter 2019/12/15 v1.4 Provide unlimited unique counter (HO)
)
Package uniquecounter Info: New unique counter `rerunfilecheck' on input line 2
85.
)
\Hy@SectionHShift=\skip53
)
(/usr/share/texlive/texmf-dist/tex/latex/placeins/placeins.sty
Package: placeins 2005/04/18  v 2.2
)
(/usr/share/texlive/texmf-dist/tex/latex/tools/longtable.sty
Package: longtable 2023-11-01 v4.19 Multi-page Table package (DPC)
\LTleft=\skip54
\LTright=\skip55
\LTpre=\skip56
\LTpost=\skip57
\LTchunksize=\count287
\LTcapwidth=\dimen166
\LT@head=\box55
\LT@firsthead=\box56
\LT@foot=\box57
\LT@lastfoot=\box58
\LT@gbox=\box59
\LT@cols=\count288
\LT@rows=\count289
\c@LT@tables=\count290
\c@LT@chunks=\count291
\LT@p@ftn=\toks24
)
(/usr/share/texlive/texmf-dist/tex/latex/subfiles/subfiles.sty
Package: subfiles 2020/11/14 v2.2 Multi-file projects (package)

(/usr/share/texlive/texmf-dist/tex/latex/import/import.sty
Package: import 2020/04/01  v 6.2
))
(/usr/share/texlive/texmf-dist/tex/latex/biblatex/biblatex.sty
Package: biblatex 2023/03/05 v3.19 programmable bibliographies (PK/MW)

(/usr/share/texlive/texmf-dist/tex/latex/logreq/logreq.sty
Package: logreq 2010/08/04 v1.0 xml request logger
\lrq@indent=\count292

(/usr/share/texlive/texmf-dist/tex/latex/logreq/logreq.def
File: logreq.def 2010/08/04 v1.0 logreq spec v1.0
))
(/usr/share/texlive/texmf-dist/tex/latex/base/ifthen.sty
Package: ifthen 2022/04/13 v1.1d Standard LaTeX ifthen package (DPC)
)
\c@tabx@nest=\count293
\c@listtotal=\count294
\c@listcount=\count295
\c@liststart=\count296
\c@liststop=\count297
\c@citecount=\count298
\c@citetotal=\count299
\c@multicitecount=\count300
\c@multicitetotal=\count301
\c@instcount=\count302
\c@maxnames=\count303
\c@minnames=\count304
\c@maxitems=\count305
\c@minitems=\count306
\c@citecounter=\count307
\c@maxcitecounter=\count308
\c@savedcitecounter=\count309
\c@uniquelist=\count310
\c@uniquename=\count311
\c@refsection=\count312
\c@refsegment=\count313
\c@maxextratitle=\count314
\c@maxextratitleyear=\count315
\c@maxextraname=\count316
\c@maxextradate=\count317
\c@maxextraalpha=\count318
\c@abbrvpenalty=\count319
\c@highnamepenalty=\count320
\c@lownamepenalty=\count321
\c@maxparens=\count322
\c@parenlevel=\count323
\blx@tempcnta=\count324
\blx@tempcntb=\count325
\blx@tempcntc=\count326
\c@blx@maxsection=\count327
\blx@maxsegment@0=\count328
\blx@notetype=\count329
\blx@parenlevel@text=\count330
\blx@parenlevel@foot=\count331
\blx@sectionciteorder@0=\count332
\blx@sectionciteorderinternal@0=\count333
\blx@entrysetcounter=\count334
\blx@biblioinstance=\count335
\labelnumberwidth=\skip58
\labelalphawidth=\skip59
\biblabelsep=\skip60
\bibitemsep=\skip61
\bibnamesep=\skip62
\bibinitsep=\skip63
\bibparsep=\skip64
\bibhang=\skip65
\blx@bcfin=\read2
\blx@bcfout=\write3
\blx@langwohyphens=\language89
\c@mincomprange=\count336
\c@maxcomprange=\count337
\c@mincompwidth=\count338
Package biblatex Info: Trying to load biblatex default data model...
Package biblatex Info: ... file 'blx-dm.def' found.

(/usr/share/texlive/texmf-dist/tex/latex/biblatex/blx-dm.def
File: blx-dm.def 2023/03/05 v3.19 biblatex localization (PK/MW)
)
Package biblatex Info: Trying to load biblatex style data model...
Package biblatex Info: ... file 'nature.dbx' not found.
Package biblatex Info: Trying to load biblatex custom data model...
Package biblatex Info: ... file 'biblatex-dm.cfg' not found.
\c@afterword=\count339
\c@savedafterword=\count340
\c@annotator=\count341
\c@savedannotator=\count342
\c@author=\count343
\c@savedauthor=\count344
\c@bookauthor=\count345
\c@savedbookauthor=\count346
\c@commentator=\count347
\c@savedcommentator=\count348
\c@editor=\count349
\c@savededitor=\count350
\c@editora=\count351
\c@savededitora=\count352
\c@editorb=\count353
\c@savededitorb=\count354
\c@editorc=\count355
\c@savededitorc=\count356
\c@foreword=\count357
\c@savedforeword=\count358
\c@holder=\count359
\c@savedholder=\count360
\c@introduction=\count361
\c@savedintroduction=\count362
\c@namea=\count363
\c@savednamea=\count364
\c@nameb=\count365
\c@savednameb=\count366
\c@namec=\count367
\c@savednamec=\count368
\c@translator=\count369
\c@savedtranslator=\count370
\c@shortauthor=\count371
\c@savedshortauthor=\count372
\c@shorteditor=\count373
\c@savedshorteditor=\count374
\c@labelname=\count375
\c@savedlabelname=\count376
\c@institution=\count377
\c@savedinstitution=\count378
\c@lista=\count379
\c@savedlista=\count380
\c@listb=\count381
\c@savedlistb=\count382
\c@listc=\count383
\c@savedlistc=\count384
\c@listd=\count385
\c@savedlistd=\count386
\c@liste=\count387
\c@savedliste=\count388
\c@listf=\count389
\c@savedlistf=\count390
\c@location=\count391
\c@savedlocation=\count392
\c@organization=\count393
\c@savedorganization=\count394
\c@origlocation=\count395
\c@savedoriglocation=\count396
\c@origpublisher=\count397
\c@savedorigpublisher=\count398
\c@publisher=\count399
\c@savedpublisher=\count400
\c@language=\count401
\c@savedlanguage=\count402
\c@origlanguage=\count403
\c@savedoriglanguage=\count404
\c@pageref=\count405
\c@savedpageref=\count406
\shorthandwidth=\skip66
\shortjournalwidth=\skip67
\shortserieswidth=\skip68
\shorttitlewidth=\skip69
\shortauthorwidth=\skip70
\shorteditorwidth=\skip71
\locallabelnumberwidth=\skip72
\locallabelalphawidth=\skip73
\localshorthandwidth=\skip74
\localshortjournalwidth=\skip75
\localshortserieswidth=\skip76
\localshorttitlewidth=\skip77
\localshortauthorwidth=\skip78
\localshorteditorwidth=\skip79
Package biblatex Info: Trying to load compatibility code...
Package biblatex Info: ... file 'blx-compat.def' found.

(/usr/share/texlive/texmf-dist/tex/latex/biblatex/blx-compat.def
File: blx-compat.def 2023/03/05 v3.19 biblatex compatibility (PK/MW)
)
Package biblatex Info: Trying to load generic definitions...
Package biblatex Info: ... file 'biblatex.def' found.

(/usr/share/texlive/texmf-dist/tex/latex/biblatex/biblatex.def
File: biblatex.def 2023/03/05 v3.19 biblatex compatibility (PK/MW)
\c@textcitecount=\count407
\c@textcitetotal=\count408
\c@textcitemaxnames=\count409
\c@biburlbigbreakpenalty=\count410
\c@biburlbreakpenalty=\count411
\c@biburlnumpenalty=\count412
\c@biburlucpenalty=\count413
\c@biburllcpenalty=\count414
\biburlbigskip=\muskip18
\biburlnumskip=\muskip19
\biburlucskip=\muskip20
\biburllcskip=\muskip21
\c@smartand=\count415
)
Package biblatex Info: Trying to load bibliography style 'nature'...
Package biblatex Info: ... file 'nature.bbx' found.

(/usr/share/texlive/texmf-dist/tex/latex/biblatex-nature/nature.bbx
File: nature.bbx 2020/12/30 v1.3d biblatex bibliography style
Package biblatex Info: Trying to load bibliography style 'numeric-comp'...
Package biblatex Info: ... file 'numeric-comp.bbx' found.

(/usr/share/texlive/texmf-dist/tex/latex/biblatex/bbx/numeric-comp.bbx
File: numeric-comp.bbx 2023/03/05 v3.19 biblatex bibliography style (PK/MW)
Package biblatex Info: Trying to load bibliography style 'numeric'...
Package biblatex Info: ... file 'numeric.bbx' found.

(/usr/share/texlive/texmf-dist/tex/latex/biblatex/bbx/numeric.bbx
File: numeric.bbx 2023/03/05 v3.19 biblatex bibliography style (PK/MW)
Package biblatex Info: Trying to load bibliography style 'standard'...
Package biblatex Info: ... file 'standard.bbx' found.

(/usr/share/texlive/texmf-dist/tex/latex/biblatex/bbx/standard.bbx
File: standard.bbx 2023/03/05 v3.19 biblatex bibliography style (PK/MW)
\c@bbx:relatedcount=\count416
\c@bbx:relatedtotal=\count417
))))
Package biblatex Info: Trying to load citation style 'nature'...
Package biblatex Info: ... file 'nature.cbx' found.

(/usr/share/texlive/texmf-dist/tex/latex/biblatex-nature/nature.cbx
File: nature.cbx 2020/12/30 v1.3d biblatex citation style
Package biblatex Info: Trying to load citation style 'numeric-comp'...
Package biblatex Info: ... file 'numeric-comp.cbx' found.

(/usr/share/texlive/texmf-dist/tex/latex/biblatex/cbx/numeric-comp.cbx
File: numeric-comp.cbx 2023/03/05 v3.19 biblatex citation style (PK/MW)
\c@cbx@tempcnta=\count418
\c@cbx@tempcntb=\count419
\c@cbx@tempcntc=\count420
\c@cbx@tempcntd=\count421
Package biblatex Info: Redefining '\cite'.
Package biblatex Info: Redefining '\parencite'.
Package biblatex Info: Redefining '\footcite'.
Package biblatex Info: Redefining '\footcitetext'.
Package biblatex Info: Redefining '\smartcite'.
Package biblatex Info: Redefining '\supercite'.
Package biblatex Info: Redefining '\textcite'.
Package biblatex Info: Redefining '\textcites'.
Package biblatex Info: Redefining '\cites'.
Package biblatex Info: Redefining '\parencites'.
Package biblatex Info: Redefining '\smartcites'.
))
Package biblatex Info: Trying to load configuration file...
Package biblatex Info: ... file 'biblatex.cfg' found.

(/usr/share/texlive/texmf-dist/tex/latex/biblatex/biblatex.cfg
File: biblatex.cfg 
)
Package biblatex Info: Input encoding 'utf8' detected.
Package biblatex Info: Document encoding is UTF8 ....

(/usr/share/texlive/texmf-dist/tex/latex/l3kernel/expl3.sty
Package: expl3 2024-01-22 L3 programming layer (loader) 

(/usr/share/texlive/texmf-dist/tex/latex/l3backend/l3backend-pdftex.def
File: l3backend-pdftex.def 2024-01-04 L3 backend support: PDF output (pdfTeX)
\l__color_backend_stack_int=\count422
\l__pdf_internal_box=\box60
))
Package biblatex Info: ... and expl3
(biblatex)             2024-01-22 L3 programming layer (loader) 
(biblatex)             is new enough (at least 2020/04/06),
(biblatex)             setting 'casechanger=expl3'.

(/usr/share/texlive/texmf-dist/tex/latex/biblatex/blx-case-expl3.sty
(/usr/share/texlive/texmf-dist/tex/latex/l3packages/xparse/xparse.sty
Package: xparse 2023-10-10 L3 Experimental document command parser
)
Package: blx-case-expl3 2023/03/05 v3.19 expl3 case changing code for biblatex
))
(/usr/share/texlive/texmf-dist/tex/latex/float/float.sty
Package: float 2001/11/08 v1.3d Float enhancements (AL)
\c@float@type=\count423
\float@exts=\toks25
\float@box=\box61
\@float@everytoks=\toks26
\@floatcapt=\box62
)
(/usr/share/texlive/texmf-dist/tex/latex/lineno/lineno.sty
Package: lineno 2023/05/20 line numbers on paragraphs v5.3
\linenopenalty=\count424
\output=\toks27
\linenoprevgraf=\count425
\linenumbersep=\dimen167
\linenumberwidth=\dimen168
\c@linenumber=\count426
\c@pagewiselinenumber=\count427
\c@LN@truepage=\count428
\c@internallinenumber=\count429
\c@internallinenumbers=\count430
\quotelinenumbersep=\dimen169
\bframerule=\dimen170
\bframesep=\dimen171
\bframebox=\box63
\linenoamsmath@ams@eqpen=\count431
LaTeX Info: Redefining \\ on input line 3180.
)
\@quotelevel=\count432
\@quotereset=\count433

No file MSEPM-Manuscript.aux.
\openout1 = `MSEPM-Manuscript.aux'.

LaTeX Font Info:    Checking defaults for OML/cmm/m/it on input line 42.
LaTeX Font Info:    ... okay on input line 42.
LaTeX Font Info:    Checking defaults for OMS/cmsy/m/n on input line 42.
LaTeX Font Info:    ... okay on input line 42.
LaTeX Font Info:    Checking defaults for OT1/cmr/m/n on input line 42.
LaTeX Font Info:    ... okay on input line 42.
LaTeX Font Info:    Checking defaults for T1/cmr/m/n on input line 42.
LaTeX Font Info:    ... okay on input line 42.
LaTeX Font Info:    Checking defaults for TS1/cmr/m/n on input line 42.
LaTeX Font Info:    ... okay on input line 42.
LaTeX Font Info:    Checking defaults for OMX/cmex/m/n on input line 42.
LaTeX Font Info:    ... okay on input line 42.
LaTeX Font Info:    Checking defaults for U/cmr/m/n on input line 42.
LaTeX Font Info:    ... okay on input line 42.
LaTeX Font Info:    Checking defaults for PD1/pdf/m/n on input line 42.
LaTeX Font Info:    ... okay on input line 42.
LaTeX Font Info:    Checking defaults for PU/pdf/m/n on input line 42.
LaTeX Font Info:    ... okay on input line 42.
(/usr/share/texlive/texmf-dist/tex/context/base/mkii/supp-pdf.mkii
[Loading MPS to PDF converter (version 2006.09.02).]
\scratchcounter=\count434
\scratchdimen=\dimen172
\scratchbox=\box64
\nofMPsegments=\count435
\nofMParguments=\count436
\everyMPshowfont=\toks28
\MPscratchCnt=\count437
\MPscratchDim=\dimen173
\MPnumerator=\count438
\makeMPintoPDFobject=\count439
\everyMPtoPDFconversion=\toks29
) (/usr/share/texlive/texmf-dist/tex/latex/epstopdf-pkg/epstopdf-base.sty
Package: epstopdf-base 2020-01-24 v2.11 Base part for package epstopdf
Package epstopdf-base Info: Redefining graphics rule for `.eps' on input line 4
85.

(/usr/share/texlive/texmf-dist/tex/latex/latexconfig/epstopdf-sys.cfg
File: epstopdf-sys.cfg 2010/07/13 v1.3 Configuration of (r)epstopdf for TeX Liv
e
))
Package caption Info: Begin \AtBeginDocument code.
Package caption Info: float package is loaded.
Package caption Info: hyperref package is loaded.
Package caption Info: longtable package is loaded.

(/usr/share/texlive/texmf-dist/tex/latex/caption/ltcaption.sty
Package: ltcaption 2021/01/08 v1.4c longtable captions (AR)
)
Package caption Info: End \AtBeginDocument code.
Package hyperref Info: Link coloring OFF on input line 42.
\@outlinefile=\write4
\openout4 = `MSEPM-Manuscript.out'.

Package biblatex Info: Trying to load language 'english'...
Package biblatex Info: ... file 'english.lbx' found.

(/usr/share/texlive/texmf-dist/tex/latex/biblatex/lbx/english.lbx
File: english.lbx 2023/03/05 v3.19 biblatex localization (PK/MW)
)
Package biblatex Info: Input encoding 'utf8' detected.
Package biblatex Info: Automatic encoding selection.
(biblatex)             Assuming data encoding 'utf8'.
\openout3 = `MSEPM-Manuscript.bcf'.

Package biblatex Info: Trying to load bibliographic data...
Package biblatex Info: ... file 'MSEPM-Manuscript.bbl' not found.

No file MSEPM-Manuscript.bbl.
Package biblatex Info: Reference section=0 on input line 42.
Package biblatex Info: Reference segment=0 on input line 42.
LaTeX Font Info:    Trying to load font information for U+lasy on input line 46
.
(/usr/share/texlive/texmf-dist/tex/latex/base/ulasy.fd
File: ulasy.fd 1998/08/17 v2.2e LaTeX symbol font definitions
)
LaTeX Font Info:    Trying to load font information for U+msa on input line 46.


(/usr/share/texlive/texmf-dist/tex/latex/amsfonts/umsa.fd
File: umsa.fd 2013/01/14 v3.01 AMS symbols A
)
LaTeX Font Info:    Trying to load font information for U+msb on input line 46.


(/usr/share/texlive/texmf-dist/tex/latex/amsfonts/umsb.fd
File: umsb.fd 2013/01/14 v3.01 AMS symbols B
)
Underfull \hbox (badness 10000) in paragraph at lines 44--56

 []


Underfull \hbox (badness 10000) in paragraph at lines 44--56

 []


Overfull \hbox (1.4185pt too wide) in paragraph at lines 59--73
[]\OT1/cmr/m/n/9 Epigenetic clocks, DNA methy-la-tion based pre-dic-tive mod-el
s of chrono-
 []


LaTeX Warning: Citation 'Horvath2018-ia' on page 1 undefined on input line 82.


LaTeX Warning: Citation 'Perna2016-pi' on page 1 undefined on input line 83.


LaTeX Warning: Citation 'Marioni2015-sn' on page 1 undefined on input line 83.


LaTeX Warning: Citation 'Dugue2018-ad' on page 1 undefined on input line 84.


LaTeX Warning: Citation 'Huang2019-hf' on page 1 undefined on input line 84.


LaTeX Warning: Citation 'Armstrong2017-vg' on page 1 undefined on input line 84
.


LaTeX Warning: Citation 'Chuang2017-nk' on page 1 undefined on input line 84.


LaTeX Warning: Citation 'Horvath2015-af' on page 1 undefined on input line 84.


Overfull \hbox (56.92093pt too wide) in paragraph at lines 77--85
\OT1/cmr/m/n/9 other ad-verse health outcomes[[], [], [],
 []

[1

{/var/lib/texmf/fonts/map/pdftex/updmap/pdftex.map}]

LaTeX Warning: Citation 'Zhang2019-br' on page 2 undefined on input line 90.


LaTeX Warning: Citation 'Lu2019-lg' on page 2 undefined on input line 92.


LaTeX Warning: Citation 'Levine2018-en' on page 2 undefined on input line 92.


LaTeX Warning: Citation 'Belsky2020-ha' on page 2 undefined on input line 92.


LaTeX Warning: Citation 'Farrell2020-bn' on page 2 undefined on input line 101.



LaTeX Warning: Citation 'Snir2016-dv' on page 2 undefined on input line 101.


LaTeX Warning: Citation 'Snir2020-tc' on page 2 undefined on input line 103.


LaTeX Warning: Citation 'Snir2019-ii' on page 2 undefined on input line 107.

[2]

LaTeX Warning: Citation 'Snir2019-ii' on page 3 undefined on input line 145.

[3] [4]

LaTeX Warning: Citation 'Ventham2016-qj' on page 5 undefined on input line 195.



LaTeX Warning: Citation 'Demetriou2013-wb' on page 5 undefined on input line 19
5.


LaTeX Warning: Citation 'Polidoro2013-xv' on page 5 undefined on input line 195
.


LaTeX Warning: Citation 'Johansson2013-of' on page 5 undefined on input line 19
5.


LaTeX Warning: Citation 'Arloth2020-lo' on page 5 undefined on input line 195.


LaTeX Warning: Citation 'Liu2013-dg' on page 5 undefined on input line 195.


LaTeX Warning: Citation 'Soriano-Tarraga2016-uq' on page 5 undefined on input l
ine 195.


LaTeX Warning: Citation 'Chuang2017-nk' on page 5 undefined on input line 195.


LaTeX Warning: Citation 'Zannas2019-me' on page 5 undefined on input line 195.


LaTeX Warning: Citation 'Kurushima2019-pe' on page 5 undefined on input line 19
5.


LaTeX Warning: Citation 'Voisin2015-lh' on page 5 undefined on input line 195.


LaTeX Warning: Citation 'Tan2014-sg' on page 5 undefined on input line 195.


LaTeX Warning: Citation 'Tserel2015-ro' on page 5 undefined on input line 195.


LaTeX Warning: Citation 'Butcher2017-oz' on page 5 undefined on input line 195.



LaTeX Warning: Citation 'Dabin2020-iw' on page 5 undefined on input line 195.


LaTeX Warning: Citation 'Marabita2013-cj' on page 5 undefined on input line 195
.


LaTeX Warning: Citation 'ValleG2019-xi' on page 5 undefined on input line 195.


LaTeX Warning: Citation 'Aryee2014-ky' on page 5 undefined on input line 196.


LaTeX Warning: Citation 'Triche2013-pp' on page 5 undefined on input line 198.


LaTeX Warning: Citation 'Houseman2012-rr' on page 5 undefined on input line 199
.


LaTeX Warning: Citation 'Aryee2014-ky' on page 5 undefined on input line 200.


Overfull \hbox (14.4669pt too wide) in paragraph at lines 193--205
\OT1/cmr/m/n/9 rived methy-la-tion data from 17 pub-licly avail-able datasets[[
],
 []


Overfull \hbox (30.1375pt too wide) in paragraph at lines 193--205
[]\OT1/cmr/m/n/9 , [], [], [],
 []


Overfull \hbox (28.07742pt too wide) in paragraph at lines 193--205
[]\OT1/cmr/m/n/9 , [], [], [],
 []


Overfull \hbox (64.21721pt too wide) in paragraph at lines 193--205
[]\OT1/cmr/m/n/9 , [], [], [], [],
 []


LaTeX Warning: Citation 'Johansson2013-of' on page 5 undefined on input line 20
6.


LaTeX Warning: Citation 'Liu2013-dg' on page 5 undefined on input line 206.


LaTeX Warning: Citation 'Butcher2017-oz' on page 5 undefined on input line 206.



LaTeX Warning: Citation 'Damaso2020-gd' on page 5 undefined on input line 206.


LaTeX Warning: Citation 'Horvath2013-sk' on page 5 undefined on input line 208.



Overfull \hbox (23.78493pt too wide) in paragraph at lines 206--215
\OT1/cmr/m/n/9 series[[], [], [], []]
 []

[5]

LaTeX Warning: Citation 'ENCODE_Project_Consortium2012-oe' on page 6 undefined 
on input line 218.


LaTeX Warning: Citation 'Davis2018-ha' on page 6 undefined on input line 218.


LaTeX Warning: Citation 'Hinrichs2006-oq' on page 6 undefined on input line 221
.


Overfull \hbox (76.40642pt too wide) in paragraph at lines 217--223
\OT1/cmr/m/n/9 scrip-tion fac-tor chro-matin immunoprecipitation[[],
 []


LaTeX Warning: Citation 'Virtanen2020-mm' on page 6 undefined on input line 228
.


LaTeX Warning: Citation 'Sheffield2016-wg' on page 6 undefined on input line 23
0.


Overfull \hbox (69.31236pt too wide) in paragraph at lines 230--234
[]\OT1/cmr/m/n/9 Transcription fac-tor en-rich-ment anal-y-sis was per-formed w
ith LOLA[[]]
 []

[6]

LaTeX Warning: Citation 'Zheng2019-vm' on page 7 undefined on input line 247.


LaTeX Warning: Citation 'Mei2017-yq' on page 7 undefined on input line 247.


LaTeX Warning: Citation 'Layer2018-gr' on page 7 undefined on input line 250.


LaTeX Warning: Citation 'Bujold2016-vk' on page 7 undefined on input line 255.


LaTeX Warning: Citation 'Ramirez2016-xl' on page 7 undefined on input line 256.



LaTeX Warning: Citation 'Robinson2011-he' on page 7 undefined on input line 257
.


LaTeX Warning: Citation 'Basu_undated-vq' on page 7 undefined on input line 262
.


LaTeX Warning: Citation 'Varoquaux2009-al' on page 7 undefined on input line 26
3.


LaTeX Warning: Citation 'Virtanen2020-wt' on page 7 undefined on input line 263
.


LaTeX Warning: Citation 'Hunter2007-nq' on page 7 undefined on input line 263.


LaTeX Warning: Citation 'Waskom2021-gj' on page 7 undefined on input line 264.


LaTeX Warning: Citation 'McKinney2012-ta' on page 7 undefined on input line 264
.


LaTeX Warning: Citation 'Da_Costa-Luis2019-lr' on page 7 undefined on input lin
e 264.


Overfull \hbox (94.71664pt too wide) in paragraph at lines 262--266
\OT1/cmr/m/n/9 ron-ment. Joblib[[]], SciPy[[]], Matplotlib[[]],
 []


Overfull \hbox (88.96378pt too wide) in paragraph at lines 262--266
\OT1/cmr/m/n/9 Seaborn[[]], Pandas[[]] and TQDM[[]]
 []

[7]

LaTeX Warning: Citation 'Ventham2016-qj' on page 8 undefined on input line 303.



LaTeX Warning: Citation 'Demetriou2013-wb' on page 8 undefined on input line 30
3.


LaTeX Warning: Citation 'Polidoro2013-xv' on page 8 undefined on input line 303
.


LaTeX Warning: Citation 'Johansson2013-of' on page 8 undefined on input line 30
3.


LaTeX Warning: Citation 'Arloth2020-lo' on page 8 undefined on input line 303.


LaTeX Warning: Citation 'Liu2013-dg' on page 8 undefined on input line 303.


LaTeX Warning: Citation 'Soriano-Tarraga2016-uq' on page 8 undefined on input l
ine 303.


LaTeX Warning: Citation 'Chuang2017-nk' on page 8 undefined on input line 303.


LaTeX Warning: Citation 'Zannas2019-me' on page 8 undefined on input line 303.


LaTeX Warning: Citation 'Kurushima2019-pe' on page 8 undefined on input line 30
3.


LaTeX Warning: Citation 'Voisin2015-lh' on page 8 undefined on input line 303.


LaTeX Warning: Citation 'Tan2014-sg' on page 8 undefined on input line 303.


LaTeX Warning: Citation 'Tserel2015-ro' on page 8 undefined on input line 303.


LaTeX Warning: Citation 'Butcher2017-oz' on page 8 undefined on input line 303.



LaTeX Warning: Citation 'Dabin2020-iw' on page 8 undefined on input line 303.


LaTeX Warning: Citation 'Marabita2013-cj' on page 8 undefined on input line 303
.


LaTeX Warning: Citation 'ValleG2019-xi' on page 8 undefined on input line 303.


LaTeX Warning: Citation 'Barrett2012-gu' on page 8 undefined on input line 304.



Overfull \hbox (77.28908pt too wide) in paragraph at lines 302--309
\OT1/cmr/m/n/9 datasets[[], [], [], [],
 []


Overfull \hbox (20.47328pt too wide) in paragraph at lines 302--309
[]\OT1/cmr/m/n/9 , [], [], [],
 []


Overfull \hbox (20.5041pt too wide) in paragraph at lines 302--309
[]\OT1/cmr/m/n/9 ] de-posited in the Gene Ex-pres-sion Omnibus[[]]
 []

[8]

LaTeX Warning: Citation 'Davis2018-ha' on page 9 undefined on input line 326.


LaTeX Warning: Citation 'ENCODE_Project_Consortium2012-oe' on page 9 undefined 
on input line 326.


Overfull \hbox (18.33827pt too wide) in paragraph at lines 324--329
\OT1/cmr/m/n/9 matin im-muno-pre-cip-i-ta-tion peaks present in the EN-CODE V4[
[],
 []


LaTeX Warning: Citation 'Lopes-Ramos2020-ex' on page 9 undefined on input line 
332.


LaTeX Warning: Citation 'Theilgaard-Monch2022-zw' on page 9 undefined on input 
line 334.


LaTeX Warning: Citation 'Guerzoni2006-ii' on page 9 undefined on input line 334
.


LaTeX Warning: Citation 'Tharakan2020-pj' on page 9 undefined on input line 338
.


LaTeX Warning: Citation 'Mohamed2020-he' on page 9 undefined on input line 339.



LaTeX Warning: Citation 'Trenerry2008-kj' on page 9 undefined on input line 339
.


LaTeX Warning: Citation 'Carlson2009-uz' on page 9 undefined on input line 343.



LaTeX Warning: Citation 'Paris2016-fo' on page 9 undefined on input line 343.


LaTeX Warning: Citation 'Carrieri2004-by' on page 9 undefined on input line 344
.


LaTeX Warning: Citation 'Chong1995-dj' on page 9 undefined on input line 345.


LaTeX Warning: Citation 'Coulson2005-pb' on page 9 undefined on input line 345.



LaTeX Warning: Citation 'Lu2014-dz' on page 9 undefined on input line 346.


LaTeX Warning: Citation 'Rocchi2021-od' on page 9 undefined on input line 347.


Overfull \hbox (14.45523pt too wide) in paragraph at lines 330--348
\OT1/cmr/m/n/9 and SMAD4 poly-mor-phisms are as-so-ci-ated with longevity[[]].
 []


Overfull \hbox (3.27266pt too wide) in paragraph at lines 330--348
\OT1/cmr/m/n/9 REST is a tran-scrip-tional re-pres-sor of neu-ron spe-cific gen
es in non-neuronal
 []

[9]

LaTeX Warning: Citation 'Xiong2020-fa' on page 10 undefined on input line 354.


LaTeX Warning: Citation 'McCartney2019-qi' on page 10 undefined on input line 3
55.


LaTeX Warning: Citation 'Bujold2016-vk' on page 10 undefined on input line 372.


[10]

LaTeX Warning: Citation 'De_Lima_Camillo2022-lu' on page 11 undefined on input 
line 405.


LaTeX Warning: Citation 'Han2020-zj' on page 11 undefined on input line 405.

[11]

LaTeX Warning: Citation 'Schoenherr1995-fc' on page 12 undefined on input line 
416.


LaTeX Warning: Citation 'Chong1995-dj' on page 12 undefined on input line 419.


LaTeX Warning: Citation 'Ooi2007-kk' on page 12 undefined on input line 419.


LaTeX Warning: Citation 'Bruce2004-je' on page 12 undefined on input line 419.


LaTeX Warning: Citation 'Bernstein2006-wt' on page 12 undefined on input line 4
33.


LaTeX Warning: Citation 'Voigt2013-fe' on page 12 undefined on input 